2021-01-26 11:58:44.503  INFO 2712 --- [main] co.edu.udea.arquitectura.App             : Starting App on DESKTOP-H9DEIOG with PID 2712 (started by Rendón Cardona in D:\backup\Luis\Universidad\8 semestre\Arquitectura de software\actualidad_clima)
2021-01-26 11:58:44.506  INFO 2712 --- [main] co.edu.udea.arquitectura.App             : The following profiles are active: dev
2021-01-26 11:58:45.374  INFO 2712 --- [main] .s.d.r.c.RepositoryConfigurationDelegate : Bootstrapping Spring Data repositories in DEFAULT mode.
2021-01-26 11:58:45.390  INFO 2712 --- [main] .s.d.r.c.RepositoryConfigurationDelegate : Finished Spring Data repository scanning in 9ms. Found 0 repository interfaces.
2021-01-26 11:58:45.630  INFO 2712 --- [main] trationDelegate$BeanPostProcessorChecker : Bean 'org.springframework.transaction.annotation.ProxyTransactionManagementConfiguration' of type [org.springframework.transaction.annotation.ProxyTransactionManagementConfiguration$$EnhancerBySpringCGLIB$$a8b44862] is not eligible for getting processed by all BeanPostProcessors (for example: not eligible for auto-proxying)
2021-01-26 11:58:45.851  INFO 2712 --- [main] o.s.b.w.embedded.tomcat.TomcatWebServer  : Tomcat initialized with port(s): 8080 (http)
2021-01-26 11:58:45.871  INFO 2712 --- [main] o.apache.catalina.core.StandardService   : Starting service [Tomcat]
2021-01-26 11:58:45.871  INFO 2712 --- [main] org.apache.catalina.core.StandardEngine  : Starting Servlet engine: [Apache Tomcat/9.0.21]
2021-01-26 11:58:46.012  INFO 2712 --- [main] o.a.c.c.C.[.[.[/actualidad-clima-api]    : Initializing Spring embedded WebApplicationContext
2021-01-26 11:58:46.012  INFO 2712 --- [main] o.s.web.context.ContextLoader            : Root WebApplicationContext: initialization completed in 1459 ms
2021-01-26 11:58:46.147  WARN 2712 --- [main] com.zaxxer.hikari.HikariConfig           : {} - idleTimeout has been set but has no effect because the pool is operating as a fixed size pool.
2021-01-26 11:58:46.147  INFO 2712 --- [main] com.zaxxer.hikari.HikariDataSource       : HikariPool-1 - Starting...
2021-01-26 11:58:46.781  INFO 2712 --- [main] com.zaxxer.hikari.HikariDataSource       : HikariPool-1 - Start completed.
2021-01-26 11:58:46.824  INFO 2712 --- [main] o.hibernate.jpa.internal.util.LogHelper  : HHH000204: Processing PersistenceUnitInfo [
	name: default
	...]
2021-01-26 11:58:46.869  INFO 2712 --- [main] org.hibernate.Version                    : HHH000412: Hibernate Core {5.3.10.Final}
2021-01-26 11:58:46.870  INFO 2712 --- [main] org.hibernate.cfg.Environment            : HHH000206: hibernate.properties not found
2021-01-26 11:58:46.971  INFO 2712 --- [main] o.hibernate.annotations.common.Version   : HCANN000001: Hibernate Commons Annotations {5.0.4.Final}
2021-01-26 11:58:47.080  INFO 2712 --- [main] org.hibernate.dialect.Dialect            : HHH000400: Using dialect: org.hibernate.dialect.PostgreSQL95Dialect
2021-01-26 11:58:47.706  INFO 2712 --- [main] o.h.e.j.e.i.LobCreatorBuilderImpl        : HHH000421: Disabling contextual LOB creation as hibernate.jdbc.lob.non_contextual_creation is true
2021-01-26 11:58:47.713  INFO 2712 --- [main] org.hibernate.type.BasicTypeRegistry     : HHH000270: Type registration [java.util.UUID] overrides previous : org.hibernate.type.UUIDBinaryType@7061622
2021-01-26 11:58:48.017  INFO 2712 --- [main] j.LocalContainerEntityManagerFactoryBean : Initialized JPA EntityManagerFactory for persistence unit 'default'
2021-01-26 11:58:48.289  WARN 2712 --- [main] aWebConfiguration$JpaWebMvcConfiguration : spring.jpa.open-in-view is enabled by default. Therefore, database queries may be performed during view rendering. Explicitly configure spring.jpa.open-in-view to disable this warning
2021-01-26 11:58:48.419  INFO 2712 --- [main] pertySourcedRequestMappingHandlerMapping : Mapped URL path [/v2/api-docs] onto method [public org.springframework.http.ResponseEntity<springfox.documentation.spring.web.json.Json> springfox.documentation.swagger2.web.Swagger2Controller.getDocumentation(java.lang.String,javax.servlet.http.HttpServletRequest)]
2021-01-26 11:58:48.568  INFO 2712 --- [main] o.s.s.concurrent.ThreadPoolTaskExecutor  : Initializing ExecutorService 'applicationTaskExecutor'
2021-01-26 11:58:48.708  INFO 2712 --- [main] d.s.w.p.DocumentationPluginsBootstrapper : Context refreshed
2021-01-26 11:58:48.725  INFO 2712 --- [main] d.s.w.p.DocumentationPluginsBootstrapper : Found 1 custom documentation plugin(s)
2021-01-26 11:58:48.756  INFO 2712 --- [main] s.d.s.w.s.ApiListingReferenceScanner     : Scanning for api listing references
2021-01-26 11:58:48.929  INFO 2712 --- [main] o.s.b.w.embedded.tomcat.TomcatWebServer  : Tomcat started on port(s): 8080 (http) with context path '/actualidad-clima-api'
2021-01-26 11:58:48.932  INFO 2712 --- [main] co.edu.udea.arquitectura.App             : Started App in 4.895 seconds (JVM running for 5.639)
